<?xml version="1.0" encoding="UTF-8" ?>
<testsuite errors="0" failures="0" hostname="ARARdbosin" name="prueba.grails.BookServiceSpec" tests="1" time="0.152" timestamp="2016-10-21T21:44:46">
  <properties />
  <testcase classname="prueba.grails.BookServiceSpec" name="create" time="0.15" />
  <system-out><![CDATA[--Output from create--
]]></system-out>
  <system-err><![CDATA[--Output from create--
]]></system-err>
</testsuite>
